Seed: 391
  L 1 Beginner   N=6 target=22... 22 clues, 0.0s, UNIQUE [0.0s total]
  L 2 Beginner   N=6 target=22... 22 clues, 0.5s, UNIQUE [0.5s total]
  L 3 Beginner   N=6 target=22... 22 clues, 0.8s, UNIQUE [1.3s total]
  L 4 Beginner   N=6 target=22... 22 clues, 1.9s, UNIQUE [3.2s total]
  L 5 Easy       N=6 target=15... 15 clues, 0.4s, UNIQUE [3.6s total]
  L 6 Easy       N=6 target=15... 15 clues, 0.0s, UNIQUE [3.6s total]
  L 7 Easy       N=6 target=15... 15 clues, 1.5s, UNIQUE [5.1s total]
  L 8 Easy       N=6 target=15... 15 clues, 0.0s, UNIQUE [5.1s total]
  L 9 Medium     N=6 target=12... 12 clues, 0.3s, UNIQUE [5.4s total]
  L10 Medium     N=6 target=12... 12 clues, 1.0s, UNIQUE [6.4s total]
  L11 Medium     N=6 target=12... 12 clues, 1.3s, UNIQUE [7.7s total]
  L12 Medium     N=6 target=12... 12 clues, 2.5s, UNIQUE [10.2s total]
  L13 Hard       N=9 target=34... 34 clues, 56.4s, UNIQUE [66.6s total]
  L14 Hard       N=9 target=34... 34 clues, 1.2s, UNIQUE [67.9s total]
  L15 Hard       N=9 target=34... 34 clues, 1.9s, UNIQUE [69.8s total]
  L16 Hard       N=9 target=34... 34 clues, 16.5s, UNIQUE [86.3s total]
  L17 Hard       N=9 target=34... 34 clues, 24.0s, UNIQUE [110.3s total]
  L18 Hard       N=9 target=34... 34 clues, 16.1s, UNIQUE [126.4s total]
  L19 Expert     N=9 target=26... 26 clues, 16.1s, UNIQUE [142.5s total]
  L20 Expert     N=9 target=26... 26 clues, 5.0s, UNIQUE [147.4s total]
  L21 Expert     N=9 target=26... 26 clues, 0.0s, UNIQUE [147.5s total]
  L22 Expert     N=9 target=26... 26 clues, 0.0s, UNIQUE [147.5s total]
  L23 Expert     N=9 target=26... 26 clues, 40.7s, UNIQUE [188.2s total]
  L24 Master     N=9 target=22... 22 clues, 48.4s, UNIQUE [236.6s total]
  L25 Master     N=9 target=22... 22 clues, 8.2s, UNIQUE [244.8s total]
  L26 Master     N=9 target=22... 22 clues, 16.3s, UNIQUE [261.1s total]
  L27 Master     N=9 target=22... 22 clues, 40.1s, UNIQUE [301.2s total]

=== JIGSAW SUDOKU — 27 levels generated in 301.2s ===
