--- Beginner (n=4, target_clues=5, density=0.45, count=4) ---
  L1 Beginner: clues=5 markers=7/16 OK
  L2 Beginner: clues=5 markers=7/16 OK
  L3 Beginner: clues=5 markers=7/16 OK
  L4 Beginner: clues=5 markers=7/16 OK
--- Easy (n=6, target_clues=14, density=0.3, count=4) ---
  L5 Easy: clues=14 markers=11/36 OK
  L6 Easy: clues=14 markers=11/36 OK
  L7 Easy: clues=14 markers=11/36 OK
  L8 Easy: clues=14 markers=11/36 OK
--- Medium (n=6, target_clues=10, density=0.45, count=4) ---
  L9 Medium: clues=10 markers=16/36 OK
  L10 Medium: clues=10 markers=16/36 OK
  L11 Medium: clues=10 markers=16/36 OK
  L12 Medium: clues=10 markers=16/36 OK
--- Hard (n=9, target_clues=30, density=0.35, count=6) ---
  L13 Hard: clues=30 markers=28/81 OK
  L14 Hard: clues=30 markers=28/81 OK
  L15 Hard: clues=30 markers=28/81 OK
  L16 Hard: clues=30 markers=28/81 OK
  L17 Hard: clues=30 markers=28/81 OK
  L18 Hard: clues=30 markers=28/81 OK
--- Expert (n=9, target_clues=26, density=0.45, count=5) ---
  L19 Expert: clues=26 markers=36/81 OK
  L20 Expert: clues=26 markers=36/81 OK
  L21 Expert: clues=26 markers=36/81 OK
  L22 Expert: clues=26 markers=36/81 OK
  L23 Expert: clues=26 markers=36/81 OK
--- Master (n=9, target_clues=22, density=0.55, count=4) ---
  L24 Master: clues=22 markers=45/81 OK
  L25 Master: clues=22 markers=45/81 OK
  L26 Master: clues=22 markers=45/81 OK
  L27 Master: clues=22 markers=45/81 OK
