
Generating Beginner (5x5, ratio=0.26, budget=500ms, attempts=50)...
  (round 1 produced nothing in 0.0s)
  [1/6] beginner_1 solve=0ms
  [2/6] beginner_2 solve=0ms
  (round 4 produced nothing in 0.0s)
  [3/6] beginner_3 solve=0ms
  WARNING: only made 3/6 for Beginner

Generating Easy (6x6, ratio=0.32, budget=800ms, attempts=60)...
  (round 1 produced nothing in 0.0s)
  (round 2 produced nothing in 0.0s)
  (round 3 produced nothing in 0.0s)
  (round 4 produced nothing in 0.0s)
  (round 5 produced nothing in 0.0s)
  WARNING: only made 0/6 for Easy

Generating Medium (7x7, ratio=0.36, budget=1500ms, attempts=80)...
  (round 1 produced nothing in 0.0s)
  (round 2 produced nothing in 0.0s)
  (round 3 produced nothing in 0.0s)
  (round 4 produced nothing in 0.0s)
  (round 5 produced nothing in 0.0s)
  WARNING: only made 0/6 for Medium

Generating Hard (8x8, ratio=0.4, budget=3000ms, attempts=100)...
  (round 1 produced nothing in 0.1s)
  (round 2 produced nothing in 0.6s)
  (round 3 produced nothing in 2.0s)
  (round 4 produced nothing in 2.5s)
  (round 5 produced nothing in 2.6s)
  WARNING: only made 0/6 for Hard

Generating Master (9x9, ratio=0.42, budget=5000ms, attempts=150)...
  (round 1 produced nothing in 0.0s)
  (round 2 produced nothing in 5.0s)
  (round 3 produced nothing in 5.0s)
  (round 4 produced nothing in 10.0s)
  (round 5 produced nothing in 10.0s)
  WARNING: only made 0/6 for Master

=== Total: 3 levels in 12.66s ===
