--- Beginner (n=4, target_clues=5, target_arrows=3) ---
  L1 Beginner: clues=11 arrows=3 OK (0.0s)
  L2 Beginner: clues=11 arrows=3 OK (0.0s)
  L3 Beginner: clues=11 arrows=3 OK (0.0s)
  L4 Beginner: clues=12 arrows=3 OK (0.0s)
  Beginner done in 0.0s (4/4)
--- Easy (n=6, target_clues=10, target_arrows=4) ---
  L5 Easy: clues=20 arrows=4 OK (0.0s)
  L6 Easy: clues=24 arrows=4 OK (0.0s)
  L7 Easy: clues=23 arrows=4 OK (0.0s)
  L8 Easy: clues=23 arrows=4 OK (0.0s)
  Easy done in 0.0s (4/4)
--- Medium (n=6, target_clues=8, target_arrows=4) ---
  L9 Medium: clues=21 arrows=4 OK (0.0s)
  L10 Medium: clues=23 arrows=4 OK (0.0s)
  L11 Medium: clues=24 arrows=4 OK (0.0s)
  L12 Medium: clues=25 arrows=4 OK (0.0s)
  Medium done in 0.0s (4/4)
--- Hard (n=9, target_clues=22, target_arrows=5) ---
  L13 Hard: clues=46 arrows=5 OK (0.0s)
  L14 Hard: clues=48 arrows=5 OK (0.0s)
  L15 Hard: clues=51 arrows=5 OK (0.0s)
  L16 Hard: clues=49 arrows=5 OK (0.0s)
  L17 Hard: clues=47 arrows=5 OK (0.0s)
  L18 Hard: clues=49 arrows=5 OK (0.0s)
  Hard done in 0.0s (6/6)
--- Expert (n=9, target_clues=18, target_arrows=6) ---
  L19 Expert: clues=53 arrows=6 OK (0.0s)
  L20 Expert: clues=47 arrows=6 OK (0.0s)
  L21 Expert: clues=51 arrows=6 OK (4.5s)
  L22 Expert: clues=52 arrows=6 OK (4.6s)
  L23 Expert: clues=53 arrows=6 OK (4.6s)
  Expert done in 4.6s (5/5)
--- Master (n=9, target_clues=14, target_arrows=7) ---
  L24 Master: clues=52 arrows=7 OK (0.0s)
  L25 Master: clues=54 arrows=7 OK (0.0s)
  L26 Master: clues=50 arrows=7 OK (0.7s)
  L27 Master: clues=52 arrows=7 OK (0.7s)
  Master done in 0.7s (4/4)
