  [Beginner] L1: 6x6 path=32 arrows=1
  [Beginner] L2: 6x6 path=14 arrows=1
  [Beginner] L3: 6x6 path=30 arrows=1
  [Beginner] L4: 6x6 path=30 arrows=1
  [Beginner] L5: 6x6 path=19 arrows=1
  [Beginner] L6: 6x6 path=29 arrows=1
  [Easy] L7: 7x7 path=47 arrows=2
  [Easy] L8: 7x7 path=44 arrows=2
  [Easy] L9: 7x7 path=43 arrows=2
  [Easy] L10: 7x7 path=44 arrows=2
  [Easy] L11: 7x7 path=48 arrows=2
  [Easy] L12: 7x7 path=36 arrows=2
  [Medium] L13: 8x8 path=63 arrows=2
  [Medium] L14: 8x8 path=63 arrows=2
  [Medium] L15: 8x8 path=62 arrows=2
  [Medium] L16: 8x8 path=56 arrows=2
  [Medium] L17: 8x8 path=48 arrows=2
  [Medium] L18: 8x8 path=62 arrows=2
  [Hard] L19: 9x9 path=73 arrows=3
  [Hard] L20: 9x9 path=80 arrows=3
  [Hard] L21: 9x9 path=75 arrows=3
  [Hard] L22: 9x9 path=71 arrows=3
  [Hard] L23: 9x9 path=71 arrows=3
  [Hard] L24: 9x9 path=73 arrows=3
  [Expert] L25: 10x10 path=99 arrows=3
  [Expert] L26: 10x10 path=97 arrows=3
  [Expert] L27: 10x10 path=90 arrows=3
  [Expert] L28: 10x10 path=91 arrows=3
  [Expert] L29: 10x10 path=94 arrows=3
  [Expert] L30: 10x10 path=95 arrows=3

Generated 30 levels
