Testing 30 games

[1/30] ? 2048                 pixel=0%        score=8/lv=- err=1
[2/30] ✗ chess                txt=N           score=-/lv=- err=1
[3/30] ? snake                pixel=0%        score=0/lv=- err=1
[4/30] ✗ sudoku               pixel=0%        score=-/lv=- err=1
[5/30] ✓ minesweeper          pixel=50%       score=-/lv=- err=1
[6/30] ✓ solitaire            pixel=100%      score=0/lv=- err=1
[7/30] ✓ color-sort           pixel=100%      score=-/lv=1 err=1
[8/30] ✓ magic-sort           pixel=88%       score=-/lv=- err=1
[9/30] ✓ flappy-wings         pixel=100%      score=-/lv=- 
[10/30] ✓ brick-breaker        pixel=13%       score=0/lv=1 
[11/30] ✓ kitty-cafe           pixel=75%       score=-/lv=- err=1
[12/30] ✓ abyss-chef           pixel=100%      score=-/lv=- err=1
[13/30] ✓ glyph-quest          pixel=100%      score=-/lv=- err=1
[14/30] ✓ ocean-gem-pop        pixel=63%       score=-/lv=- 
[15/30] ? tetris               pixel=0%        score=0/lv=1 err=1
[16/30] ✓ memory-match         pixel=100%      score=-/lv=- 
[17/30] ✓ bounce-bot           pixel=88%       score=-/lv=- err=1
[18/30] ✓ phantom-blade        pixel=100%      score=-/lv=1 
[19/30] ✗ sushi-stack          pixel=0%        score=-/lv=- err=1
[20/30] ✗ bolt-jam-3d          pixel=0%        score=-/lv=1 
[21/30] ? alien-whack          pixel=0%        score=0/lv=- err=2 net=1
[22/30] ✓ save-the-doge        pixel=100%      score=-/lv=- 
[23/30] ? tangled-yarn         pixel=0%        score=-/lv=- 
[24/30] ? rope-rescue          pixel=0%        score=-/lv=- 
[25/30] ✗ word-card-sort       txt=N           score=-/lv=- 
[26/30] ✓ drift-boss           pixel=13%       score=-/lv=- layout=1
[27/30] ✓ level-devil          pixel=100%      score=-/lv=- err=1
[28/30] ✓ monster-truck-madness pixel=100%      score=-/lv=- 
[29/30] ? mahjong-solitaire    pixel=0%        score=-/lv=- 
[30/30] ✓ stack-ball           pixel=100%      score=0/lv=1 

=== Summary ===
{
  "tested": 30,
  "playable_true": 18,
  "playable_false": 5,
  "playable_maybe": 7,
  "blocker": 0,
  "console_errors": 16,
  "network_failures": 1,
  "layout_issues": 1,
  "crashes": 0
}
