Target: 23
  Beginner L1: 4x4 clues=6 thermos=3 (att 1)
  Beginner L2: 4x4 clues=6 thermos=3 (att 2)
  Beginner L3: 4x4 clues=6 thermos=2 (att 3)
  Beginner L4: 4x4 clues=6 thermos=2 (att 4)
  Easy L5: 6x6 clues=12 thermos=3 (att 1)
  Easy L6: 6x6 clues=12 thermos=4 (att 2)
  Easy L7: 6x6 clues=12 thermos=3 (att 3)
  Easy L8: 6x6 clues=12 thermos=3 (att 4)
  Easy L9: 6x6 clues=12 thermos=4 (att 5)
  Medium L10: 6x6 clues=9 thermos=3 (att 1)
  Medium L11: 6x6 clues=9 thermos=4 (att 2)
  Medium L12: 6x6 clues=9 thermos=3 (att 3)
  Medium L13: 6x6 clues=9 thermos=3 (att 4)
  Hard L14: 9x9 clues=30 thermos=4 (att 1)
  Hard L15: 9x9 clues=30 thermos=5 (att 2)
  Hard L16: 9x9 clues=30 thermos=6 (att 3)
  Hard L17: 9x9 clues=30 thermos=5 (att 4)
  Hard L18: 9x9 clues=30 thermos=5 (att 5)
  Expert L19: 9x9 clues=24 thermos=5 (att 1)
  Expert L20: 9x9 clues=24 thermos=6 (att 2)
  Expert L21: 9x9 clues=24 thermos=7 (att 3)
  Master L22: 9x9 clues=22 thermos=8 (att 1)
  Master L23: 9x9 clues=22 thermos=8 (att 2)
WROTE 23 levels
reverify 23/23 unique
