📋 Daily SEO Health — 2026-07-11 11:16
==================================================

🔧 技术SEO检查:
  ✅ gamezipper.com: robots.txt:✅ | sitemap.xml:✅ | indexnowkey.txt:✅ | with lastmod:967/966 (100%)
  ✅ tools.gamezipper.com: robots.txt:✅ | sitemap.xml:✅ | 027a0cd216fe45e6aeb738f2f49d59ff.txt:✅ | with lastmod:4029/4029 (100%)

📡 IndexNow 增量提交:
  [sitemap] gamezipper.com: unique_locs=966 with_lastmod=967 coverage=100.1% tracked=967
  ✅ gamezipper.com: 2/2 新URL 提交成功 (共 967 URLs)
  [indexnow] gamezipper.com: submitted 2 last_status=200 last_ok=2026-07-11T11:16:27 tracked=969
  [sitemap] tools.gamezipper.com: unique_locs=4029 with_lastmod=4029 coverage=100.0% tracked=4031
  ⏭️ tools.gamezipper.com: 无新URL (4029 URLs 已知)
  [indexnow] tools.gamezipper.com: skipped no_new_urls last_status=200 last_ok=2026-07-09T21:00:05 tracked=4031

🔍 GSC organic 流量:
  ❌ GSC: 凭据缺失 (2026-07-11T06:00:01)
     → 缺 OAuth 或 service-account 凭据。老公需要手动设置:
       Option A (OAuth, 5min): https://console.cloud.google.com/apis/credentials
         → enable Search Console API → re-authorize → save 3 keys to
           /home/msdn/.openclaw/secrets/gsc.json
       Option B (SA, 稳定): create service account + add as GSC Owner +
         save key to /home/msdn/.openclaw/secrets/gsc-sa.json
     last_error: OAuth failed: No module named 'google.oauth2'; missing /home/msdn/.openclaw/secrets/gsc-sa.json

📊 本轮: 2 URLs 新提交
==================================================
