✓ Tier Beginner #1 (seed-based) — grid 3x4 setMax=2
✓ Tier Beginner #2 (seed-based) — grid 3x4 setMax=2
✓ Tier Beginner #3 (seed-based) — grid 3x4 setMax=2
✓ Tier Beginner #4 (seed-based) — grid 3x4 setMax=2
✓ Tier Beginner #5 (seed-based) — grid 3x4 setMax=2
✓ Tier Beginner #6 (seed-based) — grid 3x4 setMax=2
✓ Tier Easy #1 (seed-based) — grid 4x5 setMax=3
✓ Tier Easy #2 (seed-based) — grid 4x5 setMax=3
✓ Tier Easy #3 (seed-based) — grid 4x5 setMax=3
✓ Tier Easy #4 (seed-based) — grid 4x5 setMax=3
✓ Tier Easy #5 (seed-based) — grid 4x5 setMax=3
✓ Tier Easy #6 (seed-based) — grid 4x5 setMax=3
✓ Tier Medium #1 (seed-based) — grid 5x6 setMax=4
✓ Tier Medium #2 (seed-based) — grid 5x6 setMax=4
✓ Tier Medium #3 (seed-based) — grid 5x6 setMax=4
✓ Tier Medium #4 (seed-based) — grid 5x6 setMax=4
✓ Tier Medium #5 (seed-based) — grid 5x6 setMax=4
✓ Tier Medium #6 (seed-based) — grid 5x6 setMax=4
✓ Tier Hard #1 (seed-based) — grid 6x7 setMax=5
✓ Tier Hard #2 (seed-based) — grid 6x7 setMax=5
✓ Tier Hard #3 (seed-based) — grid 6x7 setMax=5
✓ Tier Hard #4 (seed-based) — grid 6x7 setMax=5
✓ Tier Hard #5 (seed-based) — grid 6x7 setMax=5
✓ Tier Hard #6 (seed-based) — grid 6x7 setMax=5
✓ Tier Master #1 (seed-based) — grid 7x8 setMax=6
✓ Tier Master #2 (seed-based) — grid 7x8 setMax=6
✓ Tier Master #3 (seed-based) — grid 7x8 setMax=6
✓ Tier Master #4 (seed-based) — grid 7x8 setMax=6
✓ Tier Master #5 (seed-based) — grid 7x8 setMax=6
✓ Tier Master #6 (seed-based) — grid 7x8 setMax=6

✓ Generated 30 levels — all verified UNIQUE solutions
